[0.298s] Invoking command in '/home/robotics23/dev_ws/src/usi_angry_turtle': PYTHONPATH=/home/robotics23/dev_ws/src/usi_angry_turtle/build/usi_angry_turtle/prefix_override:/home/robotics23/dev_ws/src/usi_angry_turtle/install/usi_angry_turtle/lib/python3.10/site-packages:${PYTHONPATH} /usr/bin/python3 setup.py egg_info --egg-base build/usi_angry_turtle build --build-base /home/robotics23/dev_ws/src/usi_angry_turtle/build/usi_angry_turtle/build install --record /home/robotics23/dev_ws/src/usi_angry_turtle/build/usi_angry_turtle/install.log --single-version-externally-managed
[0.412s] running egg_info
[0.413s] creating build/usi_angry_turtle/usi_angry_turtle.egg-info
[0.413s] writing build/usi_angry_turtle/usi_angry_turtle.egg-info/PKG-INFO
[0.413s] writing dependency_links to build/usi_angry_turtle/usi_angry_turtle.egg-info/dependency_links.txt
[0.413s] writing entry points to build/usi_angry_turtle/usi_angry_turtle.egg-info/entry_points.txt
[0.413s] writing requirements to build/usi_angry_turtle/usi_angry_turtle.egg-info/requires.txt
[0.413s] writing top-level names to build/usi_angry_turtle/usi_angry_turtle.egg-info/top_level.txt
[0.413s] writing manifest file 'build/usi_angry_turtle/usi_angry_turtle.egg-info/SOURCES.txt'
[0.414s] reading manifest file 'build/usi_angry_turtle/usi_angry_turtle.egg-info/SOURCES.txt'
[0.414s] writing manifest file 'build/usi_angry_turtle/usi_angry_turtle.egg-info/SOURCES.txt'
[0.414s] running build
[0.414s] running build_py
[0.415s] creating /home/robotics23/dev_ws/src/usi_angry_turtle/build/usi_angry_turtle/build
[0.415s] creating /home/robotics23/dev_ws/src/usi_angry_turtle/build/usi_angry_turtle/build/lib
[0.415s] creating /home/robotics23/dev_ws/src/usi_angry_turtle/build/usi_angry_turtle/build/lib/usi_angry_turtle
[0.415s] copying usi_angry_turtle/__init__.py -> /home/robotics23/dev_ws/src/usi_angry_turtle/build/usi_angry_turtle/build/lib/usi_angry_turtle
[0.415s] running install
[0.415s] /usr/lib/python3/dist-packages/setuptools/command/install.py:34: SetuptoolsDeprecationWarning: setup.py install is deprecated. Use build and pip and other standards-based tools.
[0.415s]   warnings.warn(
[0.415s] running install_lib
[0.416s] creating /home/robotics23/dev_ws/src/usi_angry_turtle/install/usi_angry_turtle/lib/python3.10/site-packages/usi_angry_turtle
[0.416s] copying /home/robotics23/dev_ws/src/usi_angry_turtle/build/usi_angry_turtle/build/lib/usi_angry_turtle/__init__.py -> /home/robotics23/dev_ws/src/usi_angry_turtle/install/usi_angry_turtle/lib/python3.10/site-packages/usi_angry_turtle
[0.416s] byte-compiling /home/robotics23/dev_ws/src/usi_angry_turtle/install/usi_angry_turtle/lib/python3.10/site-packages/usi_angry_turtle/__init__.py to __init__.cpython-310.pyc
[0.416s] running install_data
[0.416s] creating /home/robotics23/dev_ws/src/usi_angry_turtle/install/usi_angry_turtle/share/ament_index
[0.416s] creating /home/robotics23/dev_ws/src/usi_angry_turtle/install/usi_angry_turtle/share/ament_index/resource_index
[0.416s] creating /home/robotics23/dev_ws/src/usi_angry_turtle/install/usi_angry_turtle/share/ament_index/resource_index/packages
[0.416s] copying resource/usi_angry_turtle -> /home/robotics23/dev_ws/src/usi_angry_turtle/install/usi_angry_turtle/share/ament_index/resource_index/packages
[0.416s] copying package.xml -> /home/robotics23/dev_ws/src/usi_angry_turtle/install/usi_angry_turtle/share/usi_angry_turtle
[0.416s] running install_egg_info
[0.417s] Copying build/usi_angry_turtle/usi_angry_turtle.egg-info to /home/robotics23/dev_ws/src/usi_angry_turtle/install/usi_angry_turtle/lib/python3.10/site-packages/usi_angry_turtle-0.0.0-py3.10.egg-info
[0.417s] running install_scripts
[0.427s] writing list of installed files to '/home/robotics23/dev_ws/src/usi_angry_turtle/build/usi_angry_turtle/install.log'
[0.441s] Invoked command in '/home/robotics23/dev_ws/src/usi_angry_turtle' returned '0': PYTHONPATH=/home/robotics23/dev_ws/src/usi_angry_turtle/build/usi_angry_turtle/prefix_override:/home/robotics23/dev_ws/src/usi_angry_turtle/install/usi_angry_turtle/lib/python3.10/site-packages:${PYTHONPATH} /usr/bin/python3 setup.py egg_info --egg-base build/usi_angry_turtle build --build-base /home/robotics23/dev_ws/src/usi_angry_turtle/build/usi_angry_turtle/build install --record /home/robotics23/dev_ws/src/usi_angry_turtle/build/usi_angry_turtle/install.log --single-version-externally-managed
